<?xml version="1.0" encoding="UTF-8"?>
<!-- Generated by org.testng.reporters.JUnitXMLReporter -->
<testsuite ignored="0" hostname="user-Latitude-3400" failures="0" tests="11" name="Tests" time="0.104" errors="0" timestamp="2022-04-27T17:42:32 IST">
  <testcase classname="com.ch.test.AbstractTestSetup" name="@BeforeMethod beforeInvocation" time="0.024">
    <failure type="com.ch.reports.FrameworkException" message="com.ch.reports.FrameworkException: java.lang.IllegalStateException: The driver executable must exist: /home/user/WorkSpace/demo-framework-v2/./resources/drivers/windows/chromedriver.exe">
      <![CDATA[com.ch.reports.FrameworkException: com.ch.reports.FrameworkException: java.lang.IllegalStateException: The driver executable must exist: /home/user/WorkSpace/demo-framework-v2/./resources/drivers/windows/chromedriver.exe
at com.ch.test.AbstractTestSetup.beforeInvocation(AbstractTestSetup.java:192)
at java.base/java.util.concurrent.ThreadPoolExecutor.runWorker(ThreadPoolExecutor.java:1128)
at java.base/java.util.concurrent.ThreadPoolExecutor$Worker.run(ThreadPoolExecutor.java:628)
at java.base/java.lang.Thread.run(Thread.java:829)
Caused by: com.ch.reports.FrameworkException: java.lang.IllegalStateException: The driver executable must exist: /home/user/WorkSpace/demo-framework-v2/./resources/drivers/windows/chromedriver.exe
at com.ch.test.AbstractTestSetup.setWebDriver(AbstractTestSetup.java:202)
at com.ch.test.AbstractTestSetup.beforeInvocation(AbstractTestSetup.java:189)
... 19 more
Caused by: java.lang.IllegalStateException: The driver executable must exist: /home/user/WorkSpace/demo-framework-v2/./resources/drivers/windows/chromedriver.exe
at org.openqa.selenium.internal.Require$FileStateChecker.isFile(Require.java:342)
at org.openqa.selenium.remote.service.DriverService.checkExecutable(DriverService.java:147)
at org.openqa.selenium.remote.service.DriverService.findExecutable(DriverService.java:142)
at org.openqa.selenium.chrome.ChromeDriverService.access$000(ChromeDriverService.java:35)
at org.openqa.selenium.chrome.ChromeDriverService$Builder.findDefaultExecutable(ChromeDriverService.java:159)
at org.openqa.selenium.remote.service.DriverService$Builder.build(DriverService.java:437)
at org.openqa.selenium.chrome.ChromeDriverService.createDefaultService(ChromeDriverService.java:94)
at org.openqa.selenium.chrome.ChromeDriver.<init>(ChromeDriver.java:147)
at com.ch.utils.DriverFactory.getLocal(DriverFactory.java:147)
at com.ch.utils.DriverFactory.getDriverInstance(DriverFactory.java:70)
at com.ch.utils.DriverFactory.setWebDriver(DriverFactory.java:50)
at com.ch.test.AbstractTestSetup.setWebDriver(AbstractTestSetup.java:199)
... 20 more
... Removed 16 stack frames]]>
    </failure>
  </testcase> <!-- @BeforeMethod beforeInvocation -->
  <testcase classname="com.ch.test.AbstractTestSetup" name="@BeforeMethod beforeInvocation" time="0.026">
    <failure type="com.ch.reports.FrameworkException" message="com.ch.reports.FrameworkException: java.lang.IllegalStateException: The driver executable must exist: /home/user/WorkSpace/demo-framework-v2/./resources/drivers/windows/chromedriver.exe">
      <![CDATA[com.ch.reports.FrameworkException: com.ch.reports.FrameworkException: java.lang.IllegalStateException: The driver executable must exist: /home/user/WorkSpace/demo-framework-v2/./resources/drivers/windows/chromedriver.exe
at com.ch.test.AbstractTestSetup.beforeInvocation(AbstractTestSetup.java:192)
at java.base/java.util.concurrent.ThreadPoolExecutor.runWorker(ThreadPoolExecutor.java:1128)
at java.base/java.util.concurrent.ThreadPoolExecutor$Worker.run(ThreadPoolExecutor.java:628)
at java.base/java.lang.Thread.run(Thread.java:829)
Caused by: com.ch.reports.FrameworkException: java.lang.IllegalStateException: The driver executable must exist: /home/user/WorkSpace/demo-framework-v2/./resources/drivers/windows/chromedriver.exe
at com.ch.test.AbstractTestSetup.setWebDriver(AbstractTestSetup.java:202)
at com.ch.test.AbstractTestSetup.beforeInvocation(AbstractTestSetup.java:189)
... 19 more
Caused by: java.lang.IllegalStateException: The driver executable must exist: /home/user/WorkSpace/demo-framework-v2/./resources/drivers/windows/chromedriver.exe
at org.openqa.selenium.internal.Require$FileStateChecker.isFile(Require.java:342)
at org.openqa.selenium.remote.service.DriverService.checkExecutable(DriverService.java:147)
at org.openqa.selenium.remote.service.DriverService.findExecutable(DriverService.java:142)
at org.openqa.selenium.chrome.ChromeDriverService.access$000(ChromeDriverService.java:35)
at org.openqa.selenium.chrome.ChromeDriverService$Builder.findDefaultExecutable(ChromeDriverService.java:159)
at org.openqa.selenium.remote.service.DriverService$Builder.build(DriverService.java:437)
at org.openqa.selenium.chrome.ChromeDriverService.createDefaultService(ChromeDriverService.java:94)
at org.openqa.selenium.chrome.ChromeDriver.<init>(ChromeDriver.java:147)
at com.ch.utils.DriverFactory.getLocal(DriverFactory.java:147)
at com.ch.utils.DriverFactory.getDriverInstance(DriverFactory.java:70)
at com.ch.utils.DriverFactory.setWebDriver(DriverFactory.java:50)
at com.ch.test.AbstractTestSetup.setWebDriver(AbstractTestSetup.java:199)
... 20 more
... Removed 16 stack frames]]>
    </failure>
  </testcase> <!-- @BeforeMethod beforeInvocation -->
  <testcase classname="com.ch.test.AbstractTestSetup" name="@BeforeMethod beforeInvocation" time="0.027">
    <failure type="com.ch.reports.FrameworkException" message="com.ch.reports.FrameworkException: java.lang.IllegalStateException: The driver executable must exist: /home/user/WorkSpace/demo-framework-v2/./resources/drivers/windows/chromedriver.exe">
      <![CDATA[com.ch.reports.FrameworkException: com.ch.reports.FrameworkException: java.lang.IllegalStateException: The driver executable must exist: /home/user/WorkSpace/demo-framework-v2/./resources/drivers/windows/chromedriver.exe
at com.ch.test.AbstractTestSetup.beforeInvocation(AbstractTestSetup.java:192)
at java.base/java.util.concurrent.ThreadPoolExecutor.runWorker(ThreadPoolExecutor.java:1128)
at java.base/java.util.concurrent.ThreadPoolExecutor$Worker.run(ThreadPoolExecutor.java:628)
at java.base/java.lang.Thread.run(Thread.java:829)
Caused by: com.ch.reports.FrameworkException: java.lang.IllegalStateException: The driver executable must exist: /home/user/WorkSpace/demo-framework-v2/./resources/drivers/windows/chromedriver.exe
at com.ch.test.AbstractTestSetup.setWebDriver(AbstractTestSetup.java:202)
at com.ch.test.AbstractTestSetup.beforeInvocation(AbstractTestSetup.java:189)
... 19 more
Caused by: java.lang.IllegalStateException: The driver executable must exist: /home/user/WorkSpace/demo-framework-v2/./resources/drivers/windows/chromedriver.exe
at org.openqa.selenium.internal.Require$FileStateChecker.isFile(Require.java:342)
at org.openqa.selenium.remote.service.DriverService.checkExecutable(DriverService.java:147)
at org.openqa.selenium.remote.service.DriverService.findExecutable(DriverService.java:142)
at org.openqa.selenium.chrome.ChromeDriverService.access$000(ChromeDriverService.java:35)
at org.openqa.selenium.chrome.ChromeDriverService$Builder.findDefaultExecutable(ChromeDriverService.java:159)
at org.openqa.selenium.remote.service.DriverService$Builder.build(DriverService.java:437)
at org.openqa.selenium.chrome.ChromeDriverService.createDefaultService(ChromeDriverService.java:94)
at org.openqa.selenium.chrome.ChromeDriver.<init>(ChromeDriver.java:147)
at com.ch.utils.DriverFactory.getLocal(DriverFactory.java:147)
at com.ch.utils.DriverFactory.getDriverInstance(DriverFactory.java:70)
at com.ch.utils.DriverFactory.setWebDriver(DriverFactory.java:50)
at com.ch.test.AbstractTestSetup.setWebDriver(AbstractTestSetup.java:199)
... 20 more
... Removed 16 stack frames]]>
    </failure>
  </testcase> <!-- @BeforeMethod beforeInvocation -->
  <testcase classname="com.ch.test.AbstractTestSetup" name="@BeforeMethod beforeInvocation" time="0.025">
    <failure type="com.ch.reports.FrameworkException" message="com.ch.reports.FrameworkException: java.lang.IllegalStateException: The driver executable must exist: /home/user/WorkSpace/demo-framework-v2/./resources/drivers/windows/chromedriver.exe">
      <![CDATA[com.ch.reports.FrameworkException: com.ch.reports.FrameworkException: java.lang.IllegalStateException: The driver executable must exist: /home/user/WorkSpace/demo-framework-v2/./resources/drivers/windows/chromedriver.exe
at com.ch.test.AbstractTestSetup.beforeInvocation(AbstractTestSetup.java:192)
at java.base/java.util.concurrent.ThreadPoolExecutor.runWorker(ThreadPoolExecutor.java:1128)
at java.base/java.util.concurrent.ThreadPoolExecutor$Worker.run(ThreadPoolExecutor.java:628)
at java.base/java.lang.Thread.run(Thread.java:829)
Caused by: com.ch.reports.FrameworkException: java.lang.IllegalStateException: The driver executable must exist: /home/user/WorkSpace/demo-framework-v2/./resources/drivers/windows/chromedriver.exe
at com.ch.test.AbstractTestSetup.setWebDriver(AbstractTestSetup.java:202)
at com.ch.test.AbstractTestSetup.beforeInvocation(AbstractTestSetup.java:189)
... 19 more
Caused by: java.lang.IllegalStateException: The driver executable must exist: /home/user/WorkSpace/demo-framework-v2/./resources/drivers/windows/chromedriver.exe
at org.openqa.selenium.internal.Require$FileStateChecker.isFile(Require.java:342)
at org.openqa.selenium.remote.service.DriverService.checkExecutable(DriverService.java:147)
at org.openqa.selenium.remote.service.DriverService.findExecutable(DriverService.java:142)
at org.openqa.selenium.chrome.ChromeDriverService.access$000(ChromeDriverService.java:35)
at org.openqa.selenium.chrome.ChromeDriverService$Builder.findDefaultExecutable(ChromeDriverService.java:159)
at org.openqa.selenium.remote.service.DriverService$Builder.build(DriverService.java:437)
at org.openqa.selenium.chrome.ChromeDriverService.createDefaultService(ChromeDriverService.java:94)
at org.openqa.selenium.chrome.ChromeDriver.<init>(ChromeDriver.java:147)
at com.ch.utils.DriverFactory.getLocal(DriverFactory.java:147)
at com.ch.utils.DriverFactory.getDriverInstance(DriverFactory.java:70)
at com.ch.utils.DriverFactory.setWebDriver(DriverFactory.java:50)
at com.ch.test.AbstractTestSetup.setWebDriver(AbstractTestSetup.java:199)
... 20 more
... Removed 16 stack frames]]>
    </failure>
  </testcase> <!-- @BeforeMethod beforeInvocation -->
  <testcase classname="com.ch.test.AbstractTestSetup" name="@BeforeMethod beforeInvocation" time="0.025">
    <failure type="com.ch.reports.FrameworkException" message="com.ch.reports.FrameworkException: java.lang.IllegalStateException: The driver executable must exist: /home/user/WorkSpace/demo-framework-v2/./resources/drivers/windows/chromedriver.exe">
      <![CDATA[com.ch.reports.FrameworkException: com.ch.reports.FrameworkException: java.lang.IllegalStateException: The driver executable must exist: /home/user/WorkSpace/demo-framework-v2/./resources/drivers/windows/chromedriver.exe
at com.ch.test.AbstractTestSetup.beforeInvocation(AbstractTestSetup.java:192)
at java.base/java.util.concurrent.ThreadPoolExecutor.runWorker(ThreadPoolExecutor.java:1128)
at java.base/java.util.concurrent.ThreadPoolExecutor$Worker.run(ThreadPoolExecutor.java:628)
at java.base/java.lang.Thread.run(Thread.java:829)
Caused by: com.ch.reports.FrameworkException: java.lang.IllegalStateException: The driver executable must exist: /home/user/WorkSpace/demo-framework-v2/./resources/drivers/windows/chromedriver.exe
at com.ch.test.AbstractTestSetup.setWebDriver(AbstractTestSetup.java:202)
at com.ch.test.AbstractTestSetup.beforeInvocation(AbstractTestSetup.java:189)
... 19 more
Caused by: java.lang.IllegalStateException: The driver executable must exist: /home/user/WorkSpace/demo-framework-v2/./resources/drivers/windows/chromedriver.exe
at org.openqa.selenium.internal.Require$FileStateChecker.isFile(Require.java:342)
at org.openqa.selenium.remote.service.DriverService.checkExecutable(DriverService.java:147)
at org.openqa.selenium.remote.service.DriverService.findExecutable(DriverService.java:142)
at org.openqa.selenium.chrome.ChromeDriverService.access$000(ChromeDriverService.java:35)
at org.openqa.selenium.chrome.ChromeDriverService$Builder.findDefaultExecutable(ChromeDriverService.java:159)
at org.openqa.selenium.remote.service.DriverService$Builder.build(DriverService.java:437)
at org.openqa.selenium.chrome.ChromeDriverService.createDefaultService(ChromeDriverService.java:94)
at org.openqa.selenium.chrome.ChromeDriver.<init>(ChromeDriver.java:147)
at com.ch.utils.DriverFactory.getLocal(DriverFactory.java:147)
at com.ch.utils.DriverFactory.getDriverInstance(DriverFactory.java:70)
at com.ch.utils.DriverFactory.setWebDriver(DriverFactory.java:50)
at com.ch.test.AbstractTestSetup.setWebDriver(AbstractTestSetup.java:199)
... 20 more
... Removed 16 stack frames]]>
    </failure>
  </testcase> <!-- @BeforeMethod beforeInvocation -->
  <testcase classname="com.demo.desktoptests.GlobalTest" name="@BeforeMethod desktopTestSetup" time="0.001">
    <failure type="java.lang.NullPointerException">
      <![CDATA[java.lang.NullPointerException
at com.demo.common.utils.CommonUtils.desktopView(CommonUtils.java:88)
at com.demo.common.utils.DesktopTestUtil.testSetup(DesktopTestUtil.java:6)
at com.demo.desktoptests.GlobalTest.desktopTestSetup(GlobalTest.java:18)
at java.base/java.util.concurrent.ThreadPoolExecutor.runWorker(ThreadPoolExecutor.java:1128)
at java.base/java.util.concurrent.ThreadPoolExecutor$Worker.run(ThreadPoolExecutor.java:628)
at java.base/java.lang.Thread.run(Thread.java:829)
... Removed 16 stack frames]]>
    </failure>
  </testcase> <!-- @BeforeMethod desktopTestSetup -->
  <testcase classname="com.ch.test.AbstractTestSetup" name="@BeforeMethod beforeInvocation" time="0.039">
    <failure type="com.ch.reports.FrameworkException" message="com.ch.reports.FrameworkException: java.lang.IllegalStateException: The driver executable must exist: /home/user/WorkSpace/demo-framework-v2/./resources/drivers/windows/chromedriver.exe">
      <![CDATA[com.ch.reports.FrameworkException: com.ch.reports.FrameworkException: java.lang.IllegalStateException: The driver executable must exist: /home/user/WorkSpace/demo-framework-v2/./resources/drivers/windows/chromedriver.exe
at com.ch.test.AbstractTestSetup.beforeInvocation(AbstractTestSetup.java:192)
at java.base/java.util.concurrent.ThreadPoolExecutor.runWorker(ThreadPoolExecutor.java:1128)
at java.base/java.util.concurrent.ThreadPoolExecutor$Worker.run(ThreadPoolExecutor.java:628)
at java.base/java.lang.Thread.run(Thread.java:829)
Caused by: com.ch.reports.FrameworkException: java.lang.IllegalStateException: The driver executable must exist: /home/user/WorkSpace/demo-framework-v2/./resources/drivers/windows/chromedriver.exe
at com.ch.test.AbstractTestSetup.setWebDriver(AbstractTestSetup.java:202)
at com.ch.test.AbstractTestSetup.beforeInvocation(AbstractTestSetup.java:189)
... 19 more
Caused by: java.lang.IllegalStateException: The driver executable must exist: /home/user/WorkSpace/demo-framework-v2/./resources/drivers/windows/chromedriver.exe
at org.openqa.selenium.internal.Require$FileStateChecker.isFile(Require.java:342)
at org.openqa.selenium.remote.service.DriverService.checkExecutable(DriverService.java:147)
at org.openqa.selenium.remote.service.DriverService.findExecutable(DriverService.java:142)
at org.openqa.selenium.chrome.ChromeDriverService.access$000(ChromeDriverService.java:35)
at org.openqa.selenium.chrome.ChromeDriverService$Builder.findDefaultExecutable(ChromeDriverService.java:159)
at org.openqa.selenium.remote.service.DriverService$Builder.build(DriverService.java:437)
at org.openqa.selenium.chrome.ChromeDriverService.createDefaultService(ChromeDriverService.java:94)
at org.openqa.selenium.chrome.ChromeDriver.<init>(ChromeDriver.java:147)
at com.ch.utils.DriverFactory.getLocal(DriverFactory.java:147)
at com.ch.utils.DriverFactory.getDriverInstance(DriverFactory.java:70)
at com.ch.utils.DriverFactory.setWebDriver(DriverFactory.java:50)
at com.ch.test.AbstractTestSetup.setWebDriver(AbstractTestSetup.java:199)
... 20 more
... Removed 16 stack frames]]>
    </failure>
  </testcase> <!-- @BeforeMethod beforeInvocation -->
  <testcase classname="com.demo.desktoptests.GlobalTest" name="@BeforeMethod desktopTestSetup" time="0.0">
    <failure type="java.lang.NullPointerException">
      <![CDATA[java.lang.NullPointerException
at com.demo.common.utils.CommonUtils.desktopView(CommonUtils.java:88)
at com.demo.common.utils.DesktopTestUtil.testSetup(DesktopTestUtil.java:6)
at com.demo.desktoptests.GlobalTest.desktopTestSetup(GlobalTest.java:18)
at java.base/java.util.concurrent.ThreadPoolExecutor.runWorker(ThreadPoolExecutor.java:1128)
at java.base/java.util.concurrent.ThreadPoolExecutor$Worker.run(ThreadPoolExecutor.java:628)
at java.base/java.lang.Thread.run(Thread.java:829)
... Removed 16 stack frames]]>
    </failure>
  </testcase> <!-- @BeforeMethod desktopTestSetup -->
  <testcase classname="com.demo.desktoptests.GlobalTest" name="@BeforeMethod desktopTestSetup" time="0.001">
    <failure type="java.lang.NullPointerException">
      <![CDATA[java.lang.NullPointerException
at com.demo.common.utils.CommonUtils.desktopView(CommonUtils.java:88)
at com.demo.common.utils.DesktopTestUtil.testSetup(DesktopTestUtil.java:6)
at com.demo.desktoptests.GlobalTest.desktopTestSetup(GlobalTest.java:18)
at java.base/java.util.concurrent.ThreadPoolExecutor.runWorker(ThreadPoolExecutor.java:1128)
at java.base/java.util.concurrent.ThreadPoolExecutor$Worker.run(ThreadPoolExecutor.java:628)
at java.base/java.lang.Thread.run(Thread.java:829)
... Removed 16 stack frames]]>
    </failure>
  </testcase> <!-- @BeforeMethod desktopTestSetup -->
  <testcase classname="com.demo.desktoptests.GlobalTest" name="@BeforeMethod desktopTestSetup" time="0.001">
    <failure type="java.lang.NullPointerException">
      <![CDATA[java.lang.NullPointerException
at com.demo.common.utils.CommonUtils.desktopView(CommonUtils.java:88)
at com.demo.common.utils.DesktopTestUtil.testSetup(DesktopTestUtil.java:6)
at com.demo.desktoptests.GlobalTest.desktopTestSetup(GlobalTest.java:18)
at java.base/java.util.concurrent.ThreadPoolExecutor.runWorker(ThreadPoolExecutor.java:1128)
at java.base/java.util.concurrent.ThreadPoolExecutor$Worker.run(ThreadPoolExecutor.java:628)
at java.base/java.lang.Thread.run(Thread.java:829)
... Removed 16 stack frames]]>
    </failure>
  </testcase> <!-- @BeforeMethod desktopTestSetup -->
  <testcase classname="com.demo.desktoptests.GlobalTest" name="@BeforeMethod desktopTestSetup" time="0.0">
    <failure type="java.lang.NullPointerException">
      <![CDATA[java.lang.NullPointerException
at com.demo.common.utils.CommonUtils.desktopView(CommonUtils.java:88)
at com.demo.common.utils.DesktopTestUtil.testSetup(DesktopTestUtil.java:6)
at com.demo.desktoptests.GlobalTest.desktopTestSetup(GlobalTest.java:18)
at java.base/java.util.concurrent.ThreadPoolExecutor.runWorker(ThreadPoolExecutor.java:1128)
at java.base/java.util.concurrent.ThreadPoolExecutor$Worker.run(ThreadPoolExecutor.java:628)
at java.base/java.lang.Thread.run(Thread.java:829)
... Removed 16 stack frames]]>
    </failure>
  </testcase> <!-- @BeforeMethod desktopTestSetup -->
  <testcase classname="com.demo.desktoptests.GlobalTest" name="@BeforeMethod desktopTestSetup" time="0.0">
    <failure type="java.lang.NullPointerException">
      <![CDATA[java.lang.NullPointerException
at com.demo.common.utils.CommonUtils.desktopView(CommonUtils.java:88)
at com.demo.common.utils.DesktopTestUtil.testSetup(DesktopTestUtil.java:6)
at com.demo.desktoptests.GlobalTest.desktopTestSetup(GlobalTest.java:18)
at java.base/java.util.concurrent.ThreadPoolExecutor.runWorker(ThreadPoolExecutor.java:1128)
at java.base/java.util.concurrent.ThreadPoolExecutor$Worker.run(ThreadPoolExecutor.java:628)
at java.base/java.lang.Thread.run(Thread.java:829)
... Removed 16 stack frames]]>
    </failure>
  </testcase> <!-- @BeforeMethod desktopTestSetup -->
  <testcase classname="com.ch.test.AbstractTestSetup" name="@BeforeMethod beforeInvocation" time="0.002">
    <failure type="com.ch.reports.FrameworkException" message="com.ch.reports.FrameworkException: java.lang.IllegalStateException: The driver executable must exist: /home/user/WorkSpace/demo-framework-v2/./resources/drivers/windows/chromedriver.exe">
      <![CDATA[com.ch.reports.FrameworkException: com.ch.reports.FrameworkException: java.lang.IllegalStateException: The driver executable must exist: /home/user/WorkSpace/demo-framework-v2/./resources/drivers/windows/chromedriver.exe
at com.ch.test.AbstractTestSetup.beforeInvocation(AbstractTestSetup.java:192)
at java.base/java.util.concurrent.ThreadPoolExecutor.runWorker(ThreadPoolExecutor.java:1128)
at java.base/java.util.concurrent.ThreadPoolExecutor$Worker.run(ThreadPoolExecutor.java:628)
at java.base/java.lang.Thread.run(Thread.java:829)
Caused by: com.ch.reports.FrameworkException: java.lang.IllegalStateException: The driver executable must exist: /home/user/WorkSpace/demo-framework-v2/./resources/drivers/windows/chromedriver.exe
at com.ch.test.AbstractTestSetup.setWebDriver(AbstractTestSetup.java:202)
at com.ch.test.AbstractTestSetup.beforeInvocation(AbstractTestSetup.java:189)
... 19 more
Caused by: java.lang.IllegalStateException: The driver executable must exist: /home/user/WorkSpace/demo-framework-v2/./resources/drivers/windows/chromedriver.exe
at org.openqa.selenium.internal.Require$FileStateChecker.isFile(Require.java:342)
at org.openqa.selenium.remote.service.DriverService.checkExecutable(DriverService.java:147)
at org.openqa.selenium.remote.service.DriverService.findExecutable(DriverService.java:142)
at org.openqa.selenium.chrome.ChromeDriverService.access$000(ChromeDriverService.java:35)
at org.openqa.selenium.chrome.ChromeDriverService$Builder.findDefaultExecutable(ChromeDriverService.java:159)
at org.openqa.selenium.remote.service.DriverService$Builder.build(DriverService.java:437)
at org.openqa.selenium.chrome.ChromeDriverService.createDefaultService(ChromeDriverService.java:94)
at org.openqa.selenium.chrome.ChromeDriver.<init>(ChromeDriver.java:147)
at com.ch.utils.DriverFactory.getLocal(DriverFactory.java:147)
at com.ch.utils.DriverFactory.getDriverInstance(DriverFactory.java:70)
at com.ch.utils.DriverFactory.setWebDriver(DriverFactory.java:50)
at com.ch.test.AbstractTestSetup.setWebDriver(AbstractTestSetup.java:199)
... 20 more
... Removed 16 stack frames]]>
    </failure>
  </testcase> <!-- @BeforeMethod beforeInvocation -->
  <testcase classname="com.demo.desktoptests.GlobalTest" name="@BeforeMethod desktopTestSetup" time="0.001">
    <failure type="java.lang.NullPointerException">
      <![CDATA[java.lang.NullPointerException
at com.demo.common.utils.CommonUtils.desktopView(CommonUtils.java:88)
at com.demo.common.utils.DesktopTestUtil.testSetup(DesktopTestUtil.java:6)
at com.demo.desktoptests.GlobalTest.desktopTestSetup(GlobalTest.java:18)
at java.base/java.util.concurrent.ThreadPoolExecutor.runWorker(ThreadPoolExecutor.java:1128)
at java.base/java.util.concurrent.ThreadPoolExecutor$Worker.run(ThreadPoolExecutor.java:628)
at java.base/java.lang.Thread.run(Thread.java:829)
... Removed 16 stack frames]]>
    </failure>
  </testcase> <!-- @BeforeMethod desktopTestSetup -->
  <testcase classname="com.ch.test.AbstractTestSetup" name="@BeforeMethod beforeInvocation" time="0.015">
    <failure type="com.ch.reports.FrameworkException" message="com.ch.reports.FrameworkException: java.lang.IllegalStateException: The driver executable must exist: /home/user/WorkSpace/demo-framework-v2/./resources/drivers/windows/chromedriver.exe">
      <![CDATA[com.ch.reports.FrameworkException: com.ch.reports.FrameworkException: java.lang.IllegalStateException: The driver executable must exist: /home/user/WorkSpace/demo-framework-v2/./resources/drivers/windows/chromedriver.exe
at com.ch.test.AbstractTestSetup.beforeInvocation(AbstractTestSetup.java:192)
at java.base/java.util.concurrent.ThreadPoolExecutor.runWorker(ThreadPoolExecutor.java:1128)
at java.base/java.util.concurrent.ThreadPoolExecutor$Worker.run(ThreadPoolExecutor.java:628)
at java.base/java.lang.Thread.run(Thread.java:829)
Caused by: com.ch.reports.FrameworkException: java.lang.IllegalStateException: The driver executable must exist: /home/user/WorkSpace/demo-framework-v2/./resources/drivers/windows/chromedriver.exe
at com.ch.test.AbstractTestSetup.setWebDriver(AbstractTestSetup.java:202)
at com.ch.test.AbstractTestSetup.beforeInvocation(AbstractTestSetup.java:189)
... 19 more
Caused by: java.lang.IllegalStateException: The driver executable must exist: /home/user/WorkSpace/demo-framework-v2/./resources/drivers/windows/chromedriver.exe
at org.openqa.selenium.internal.Require$FileStateChecker.isFile(Require.java:342)
at org.openqa.selenium.remote.service.DriverService.checkExecutable(DriverService.java:147)
at org.openqa.selenium.remote.service.DriverService.findExecutable(DriverService.java:142)
at org.openqa.selenium.chrome.ChromeDriverService.access$000(ChromeDriverService.java:35)
at org.openqa.selenium.chrome.ChromeDriverService$Builder.findDefaultExecutable(ChromeDriverService.java:159)
at org.openqa.selenium.remote.service.DriverService$Builder.build(DriverService.java:437)
at org.openqa.selenium.chrome.ChromeDriverService.createDefaultService(ChromeDriverService.java:94)
at org.openqa.selenium.chrome.ChromeDriver.<init>(ChromeDriver.java:147)
at com.ch.utils.DriverFactory.getLocal(DriverFactory.java:147)
at com.ch.utils.DriverFactory.getDriverInstance(DriverFactory.java:70)
at com.ch.utils.DriverFactory.setWebDriver(DriverFactory.java:50)
at com.ch.test.AbstractTestSetup.setWebDriver(AbstractTestSetup.java:199)
... 20 more
... Removed 16 stack frames]]>
    </failure>
  </testcase> <!-- @BeforeMethod beforeInvocation -->
  <testcase classname="com.ch.test.AbstractTestSetup" name="@BeforeMethod beforeInvocation" time="0.006">
    <failure type="com.ch.reports.FrameworkException" message="com.ch.reports.FrameworkException: java.lang.IllegalStateException: The driver executable must exist: /home/user/WorkSpace/demo-framework-v2/./resources/drivers/windows/chromedriver.exe">
      <![CDATA[com.ch.reports.FrameworkException: com.ch.reports.FrameworkException: java.lang.IllegalStateException: The driver executable must exist: /home/user/WorkSpace/demo-framework-v2/./resources/drivers/windows/chromedriver.exe
at com.ch.test.AbstractTestSetup.beforeInvocation(AbstractTestSetup.java:192)
at java.base/java.util.concurrent.ThreadPoolExecutor.runWorker(ThreadPoolExecutor.java:1128)
at java.base/java.util.concurrent.ThreadPoolExecutor$Worker.run(ThreadPoolExecutor.java:628)
at java.base/java.lang.Thread.run(Thread.java:829)
Caused by: com.ch.reports.FrameworkException: java.lang.IllegalStateException: The driver executable must exist: /home/user/WorkSpace/demo-framework-v2/./resources/drivers/windows/chromedriver.exe
at com.ch.test.AbstractTestSetup.setWebDriver(AbstractTestSetup.java:202)
at com.ch.test.AbstractTestSetup.beforeInvocation(AbstractTestSetup.java:189)
... 19 more
Caused by: java.lang.IllegalStateException: The driver executable must exist: /home/user/WorkSpace/demo-framework-v2/./resources/drivers/windows/chromedriver.exe
at org.openqa.selenium.internal.Require$FileStateChecker.isFile(Require.java:342)
at org.openqa.selenium.remote.service.DriverService.checkExecutable(DriverService.java:147)
at org.openqa.selenium.remote.service.DriverService.findExecutable(DriverService.java:142)
at org.openqa.selenium.chrome.ChromeDriverService.access$000(ChromeDriverService.java:35)
at org.openqa.selenium.chrome.ChromeDriverService$Builder.findDefaultExecutable(ChromeDriverService.java:159)
at org.openqa.selenium.remote.service.DriverService$Builder.build(DriverService.java:437)
at org.openqa.selenium.chrome.ChromeDriverService.createDefaultService(ChromeDriverService.java:94)
at org.openqa.selenium.chrome.ChromeDriver.<init>(ChromeDriver.java:147)
at com.ch.utils.DriverFactory.getLocal(DriverFactory.java:147)
at com.ch.utils.DriverFactory.getDriverInstance(DriverFactory.java:70)
at com.ch.utils.DriverFactory.setWebDriver(DriverFactory.java:50)
at com.ch.test.AbstractTestSetup.setWebDriver(AbstractTestSetup.java:199)
... 20 more
... Removed 16 stack frames]]>
    </failure>
  </testcase> <!-- @BeforeMethod beforeInvocation -->
  <testcase classname="com.demo.desktoptests.GlobalTest" name="@BeforeMethod desktopTestSetup" time="0.0">
    <failure type="java.lang.NullPointerException">
      <![CDATA[java.lang.NullPointerException
at com.demo.common.utils.CommonUtils.desktopView(CommonUtils.java:88)
at com.demo.common.utils.DesktopTestUtil.testSetup(DesktopTestUtil.java:6)
at com.demo.desktoptests.GlobalTest.desktopTestSetup(GlobalTest.java:18)
at java.base/java.util.concurrent.ThreadPoolExecutor.runWorker(ThreadPoolExecutor.java:1128)
at java.base/java.util.concurrent.ThreadPoolExecutor$Worker.run(ThreadPoolExecutor.java:628)
at java.base/java.lang.Thread.run(Thread.java:829)
... Removed 16 stack frames]]>
    </failure>
  </testcase> <!-- @BeforeMethod desktopTestSetup -->
  <testcase classname="com.demo.desktoptests.GlobalTest" name="@BeforeMethod desktopTestSetup" time="0.001">
    <failure type="java.lang.NullPointerException">
      <![CDATA[java.lang.NullPointerException
at com.demo.common.utils.CommonUtils.desktopView(CommonUtils.java:88)
at com.demo.common.utils.DesktopTestUtil.testSetup(DesktopTestUtil.java:6)
at com.demo.desktoptests.GlobalTest.desktopTestSetup(GlobalTest.java:18)
at java.base/java.util.concurrent.ThreadPoolExecutor.runWorker(ThreadPoolExecutor.java:1128)
at java.base/java.util.concurrent.ThreadPoolExecutor$Worker.run(ThreadPoolExecutor.java:628)
at java.base/java.lang.Thread.run(Thread.java:829)
... Removed 16 stack frames]]>
    </failure>
  </testcase> <!-- @BeforeMethod desktopTestSetup -->
  <testcase classname="com.demo.tests.AbstractGlobalTest" name="isTopNavigation3" time="0.0">
    <skipped/>
  </testcase> <!-- isTopNavigation3 -->
  <testcase classname="com.demo.tests.AbstractGlobalTest" name="isTopNavigation5" time="0.0">
    <skipped/>
  </testcase> <!-- isTopNavigation5 -->
  <testcase classname="com.demo.tests.AbstractGlobalTest" name="isTopNavigationFailure" time="0.0">
    <skipped/>
  </testcase> <!-- isTopNavigationFailure -->
  <testcase classname="com.demo.tests.AbstractGlobalTest" name="isTopNavigation4" time="0.0">
    <skipped/>
  </testcase> <!-- isTopNavigation4 -->
  <testcase classname="com.demo.tests.AbstractGlobalTest" name="isTopNavigation" time="0.0">
    <skipped/>
  </testcase> <!-- isTopNavigation -->
  <testcase classname="com.demo.tests.AbstractGlobalTest" name="isTopNavigation2" time="0.0">
    <skipped/>
  </testcase> <!-- isTopNavigation2 -->
  <testcase classname="com.demo.tests.AbstractGlobalTest" name="isTopNavigationFailureWithCustomExceptionInTheEnd" time="0.0">
    <skipped/>
  </testcase> <!-- isTopNavigationFailureWithCustomExceptionInTheEnd -->
  <testcase classname="com.demo.tests.AbstractGlobalTest" name="testStoreDataProvider" time="0.0">
    <skipped/>
  </testcase> <!-- testStoreDataProvider -->
  <testcase classname="com.demo.tests.AbstractGlobalTest" name="testProductDataProvider" time="0.0">
    <skipped/>
  </testcase> <!-- testProductDataProvider -->
  <testcase classname="com.demo.tests.AbstractGlobalTest" name="isTopNavigationFailureWithRetry" time="0.0">
    <skipped/>
  </testcase> <!-- isTopNavigationFailureWithRetry -->
  <testcase classname="com.demo.desktoptests.GlobalTest" name="isDesktopSpecificTopNavigationWithRetry" time="0.0">
    <skipped/>
  </testcase> <!-- isDesktopSpecificTopNavigationWithRetry -->
</testsuite> <!-- Tests -->
