<?xml version="1.0" encoding="UTF-8"?>
<!-- Generated by org.testng.reporters.JUnitReportReporter -->
<testsuite hostname="user-Latitude-3400" failures="0" tests="29" name="com.demo.desktoptests.GlobalTest" time="0.254" errors="18" timestamp="2022-04-27T17:42:54 IST" skipped="11">
  <testcase classname="com.demo.desktoptests.GlobalTest" name="isTopNavigation5" time="0.009">
    <skipped/>
  </testcase> <!-- isTopNavigation5 -->
  <system-out/>
  <testcase classname="com.demo.desktoptests.GlobalTest" name="beforeInvocation" time="0.042">
    <error message="com.ch.reports.FrameworkException: java.lang.IllegalStateException: The driver executable must exist: /home/user/WorkSpace/demo-framework-v2/./resources/drivers/windows/chromedriver.exe" type="com.ch.reports.FrameworkException">
      <![CDATA[com.ch.reports.FrameworkException: com.ch.reports.FrameworkException: java.lang.IllegalStateException: The driver executable must exist: /home/user/WorkSpace/demo-framework-v2/./resources/drivers/windows/chromedriver.exe
at com.ch.test.AbstractTestSetup.beforeInvocation(AbstractTestSetup.java:192)
at java.base/jdk.internal.reflect.NativeMethodAccessorImpl.invoke0(Native Method)
at java.base/jdk.internal.reflect.NativeMethodAccessorImpl.invoke(NativeMethodAccessorImpl.java:62)
at java.base/jdk.internal.reflect.DelegatingMethodAccessorImpl.invoke(DelegatingMethodAccessorImpl.java:43)
at java.base/java.lang.reflect.Method.invoke(Method.java:566)
at org.testng.internal.MethodInvocationHelper.invokeMethod(MethodInvocationHelper.java:133)
at org.testng.internal.MethodInvocationHelper.invokeMethodConsideringTimeout(MethodInvocationHelper.java:62)
at org.testng.internal.ConfigInvoker.invokeConfigurationMethod(ConfigInvoker.java:385)
at org.testng.internal.ConfigInvoker.invokeConfigurations(ConfigInvoker.java:321)
at org.testng.internal.TestInvoker.runConfigMethods(TestInvoker.java:700)
at org.testng.internal.TestInvoker.invokeMethod(TestInvoker.java:527)
at org.testng.internal.TestInvoker.invokeTestMethod(TestInvoker.java:173)
at org.testng.internal.MethodRunner.runInSequence(MethodRunner.java:46)
at org.testng.internal.TestInvoker$MethodInvocationAgent.invoke(TestInvoker.java:824)
at org.testng.internal.TestInvoker.invokeTestMethods(TestInvoker.java:146)
at org.testng.internal.TestMethodWorker.invokeTestMethods(TestMethodWorker.java:146)
at org.testng.internal.TestMethodWorker.run(TestMethodWorker.java:128)
at java.base/java.util.concurrent.ThreadPoolExecutor.runWorker(ThreadPoolExecutor.java:1128)
at java.base/java.util.concurrent.ThreadPoolExecutor$Worker.run(ThreadPoolExecutor.java:628)
at java.base/java.lang.Thread.run(Thread.java:829)
Caused by: com.ch.reports.FrameworkException: java.lang.IllegalStateException: The driver executable must exist: /home/user/WorkSpace/demo-framework-v2/./resources/drivers/windows/chromedriver.exe
at com.ch.test.AbstractTestSetup.setWebDriver(AbstractTestSetup.java:202)
at com.ch.test.AbstractTestSetup.beforeInvocation(AbstractTestSetup.java:189)
... 19 more
Caused by: java.lang.IllegalStateException: The driver executable must exist: /home/user/WorkSpace/demo-framework-v2/./resources/drivers/windows/chromedriver.exe
at org.openqa.selenium.internal.Require$FileStateChecker.isFile(Require.java:342)
at org.openqa.selenium.remote.service.DriverService.checkExecutable(DriverService.java:147)
at org.openqa.selenium.remote.service.DriverService.findExecutable(DriverService.java:142)
at org.openqa.selenium.chrome.ChromeDriverService.access$000(ChromeDriverService.java:35)
at org.openqa.selenium.chrome.ChromeDriverService$Builder.findDefaultExecutable(ChromeDriverService.java:159)
at org.openqa.selenium.remote.service.DriverService$Builder.build(DriverService.java:437)
at org.openqa.selenium.chrome.ChromeDriverService.createDefaultService(ChromeDriverService.java:94)
at org.openqa.selenium.chrome.ChromeDriver.<init>(ChromeDriver.java:147)
at com.ch.utils.DriverFactory.getLocal(DriverFactory.java:147)
at com.ch.utils.DriverFactory.getDriverInstance(DriverFactory.java:70)
at com.ch.utils.DriverFactory.setWebDriver(DriverFactory.java:50)
at com.ch.test.AbstractTestSetup.setWebDriver(AbstractTestSetup.java:199)
... 20 more
]]>
    </error>
  </testcase> <!-- beforeInvocation -->
  <system-out/>
  <testcase classname="com.demo.desktoptests.GlobalTest" name="desktopTestSetup" time="0.007">
    <error type="java.lang.NullPointerException">
      <![CDATA[java.lang.NullPointerException
at com.demo.common.utils.CommonUtils.desktopView(CommonUtils.java:88)
at com.demo.common.utils.DesktopTestUtil.testSetup(DesktopTestUtil.java:6)
at com.demo.desktoptests.GlobalTest.desktopTestSetup(GlobalTest.java:18)
at java.base/jdk.internal.reflect.NativeMethodAccessorImpl.invoke0(Native Method)
at java.base/jdk.internal.reflect.NativeMethodAccessorImpl.invoke(NativeMethodAccessorImpl.java:62)
at java.base/jdk.internal.reflect.DelegatingMethodAccessorImpl.invoke(DelegatingMethodAccessorImpl.java:43)
at java.base/java.lang.reflect.Method.invoke(Method.java:566)
at org.testng.internal.MethodInvocationHelper.invokeMethod(MethodInvocationHelper.java:133)
at org.testng.internal.MethodInvocationHelper.invokeMethodConsideringTimeout(MethodInvocationHelper.java:62)
at org.testng.internal.ConfigInvoker.invokeConfigurationMethod(ConfigInvoker.java:385)
at org.testng.internal.ConfigInvoker.invokeConfigurations(ConfigInvoker.java:321)
at org.testng.internal.TestInvoker.runConfigMethods(TestInvoker.java:700)
at org.testng.internal.TestInvoker.invokeMethod(TestInvoker.java:527)
at org.testng.internal.TestInvoker.invokeTestMethod(TestInvoker.java:173)
at org.testng.internal.MethodRunner.runInSequence(MethodRunner.java:46)
at org.testng.internal.TestInvoker$MethodInvocationAgent.invoke(TestInvoker.java:824)
at org.testng.internal.TestInvoker.invokeTestMethods(TestInvoker.java:146)
at org.testng.internal.TestMethodWorker.invokeTestMethods(TestMethodWorker.java:146)
at org.testng.internal.TestMethodWorker.run(TestMethodWorker.java:128)
at java.base/java.util.concurrent.ThreadPoolExecutor.runWorker(ThreadPoolExecutor.java:1128)
at java.base/java.util.concurrent.ThreadPoolExecutor$Worker.run(ThreadPoolExecutor.java:628)
at java.base/java.lang.Thread.run(Thread.java:829)
]]>
    </error>
  </testcase> <!-- desktopTestSetup -->
  <system-out/>
  <testcase classname="com.demo.desktoptests.GlobalTest" name="beforeInvocation" time="0.030">
    <error message="com.ch.reports.FrameworkException: java.lang.IllegalStateException: The driver executable must exist: /home/user/WorkSpace/demo-framework-v2/./resources/drivers/windows/chromedriver.exe" type="com.ch.reports.FrameworkException">
      <![CDATA[com.ch.reports.FrameworkException: com.ch.reports.FrameworkException: java.lang.IllegalStateException: The driver executable must exist: /home/user/WorkSpace/demo-framework-v2/./resources/drivers/windows/chromedriver.exe
at com.ch.test.AbstractTestSetup.beforeInvocation(AbstractTestSetup.java:192)
at java.base/jdk.internal.reflect.NativeMethodAccessorImpl.invoke0(Native Method)
at java.base/jdk.internal.reflect.NativeMethodAccessorImpl.invoke(NativeMethodAccessorImpl.java:62)
at java.base/jdk.internal.reflect.DelegatingMethodAccessorImpl.invoke(DelegatingMethodAccessorImpl.java:43)
at java.base/java.lang.reflect.Method.invoke(Method.java:566)
at org.testng.internal.MethodInvocationHelper.invokeMethod(MethodInvocationHelper.java:133)
at org.testng.internal.MethodInvocationHelper.invokeMethodConsideringTimeout(MethodInvocationHelper.java:62)
at org.testng.internal.ConfigInvoker.invokeConfigurationMethod(ConfigInvoker.java:385)
at org.testng.internal.ConfigInvoker.invokeConfigurations(ConfigInvoker.java:321)
at org.testng.internal.TestInvoker.runConfigMethods(TestInvoker.java:700)
at org.testng.internal.TestInvoker.invokeMethod(TestInvoker.java:527)
at org.testng.internal.TestInvoker.invokeTestMethod(TestInvoker.java:173)
at org.testng.internal.MethodRunner.runInSequence(MethodRunner.java:46)
at org.testng.internal.TestInvoker$MethodInvocationAgent.invoke(TestInvoker.java:824)
at org.testng.internal.TestInvoker.invokeTestMethods(TestInvoker.java:146)
at org.testng.internal.TestMethodWorker.invokeTestMethods(TestMethodWorker.java:146)
at org.testng.internal.TestMethodWorker.run(TestMethodWorker.java:128)
at java.base/java.util.concurrent.ThreadPoolExecutor.runWorker(ThreadPoolExecutor.java:1128)
at java.base/java.util.concurrent.ThreadPoolExecutor$Worker.run(ThreadPoolExecutor.java:628)
at java.base/java.lang.Thread.run(Thread.java:829)
Caused by: com.ch.reports.FrameworkException: java.lang.IllegalStateException: The driver executable must exist: /home/user/WorkSpace/demo-framework-v2/./resources/drivers/windows/chromedriver.exe
at com.ch.test.AbstractTestSetup.setWebDriver(AbstractTestSetup.java:202)
at com.ch.test.AbstractTestSetup.beforeInvocation(AbstractTestSetup.java:189)
... 19 more
Caused by: java.lang.IllegalStateException: The driver executable must exist: /home/user/WorkSpace/demo-framework-v2/./resources/drivers/windows/chromedriver.exe
at org.openqa.selenium.internal.Require$FileStateChecker.isFile(Require.java:342)
at org.openqa.selenium.remote.service.DriverService.checkExecutable(DriverService.java:147)
at org.openqa.selenium.remote.service.DriverService.findExecutable(DriverService.java:142)
at org.openqa.selenium.chrome.ChromeDriverService.access$000(ChromeDriverService.java:35)
at org.openqa.selenium.chrome.ChromeDriverService$Builder.findDefaultExecutable(ChromeDriverService.java:159)
at org.openqa.selenium.remote.service.DriverService$Builder.build(DriverService.java:437)
at org.openqa.selenium.chrome.ChromeDriverService.createDefaultService(ChromeDriverService.java:94)
at org.openqa.selenium.chrome.ChromeDriver.<init>(ChromeDriver.java:147)
at com.ch.utils.DriverFactory.getLocal(DriverFactory.java:147)
at com.ch.utils.DriverFactory.getDriverInstance(DriverFactory.java:70)
at com.ch.utils.DriverFactory.setWebDriver(DriverFactory.java:50)
at com.ch.test.AbstractTestSetup.setWebDriver(AbstractTestSetup.java:199)
... 20 more
]]>
    </error>
  </testcase> <!-- beforeInvocation -->
  <system-out/>
  <testcase classname="com.demo.desktoptests.GlobalTest" name="desktopTestSetup" time="0.005">
    <error type="java.lang.NullPointerException">
      <![CDATA[java.lang.NullPointerException
at com.demo.common.utils.CommonUtils.desktopView(CommonUtils.java:88)
at com.demo.common.utils.DesktopTestUtil.testSetup(DesktopTestUtil.java:6)
at com.demo.desktoptests.GlobalTest.desktopTestSetup(GlobalTest.java:18)
at java.base/jdk.internal.reflect.NativeMethodAccessorImpl.invoke0(Native Method)
at java.base/jdk.internal.reflect.NativeMethodAccessorImpl.invoke(NativeMethodAccessorImpl.java:62)
at java.base/jdk.internal.reflect.DelegatingMethodAccessorImpl.invoke(DelegatingMethodAccessorImpl.java:43)
at java.base/java.lang.reflect.Method.invoke(Method.java:566)
at org.testng.internal.MethodInvocationHelper.invokeMethod(MethodInvocationHelper.java:133)
at org.testng.internal.MethodInvocationHelper.invokeMethodConsideringTimeout(MethodInvocationHelper.java:62)
at org.testng.internal.ConfigInvoker.invokeConfigurationMethod(ConfigInvoker.java:385)
at org.testng.internal.ConfigInvoker.invokeConfigurations(ConfigInvoker.java:321)
at org.testng.internal.TestInvoker.runConfigMethods(TestInvoker.java:700)
at org.testng.internal.TestInvoker.invokeMethod(TestInvoker.java:527)
at org.testng.internal.TestInvoker.invokeTestMethod(TestInvoker.java:173)
at org.testng.internal.MethodRunner.runInSequence(MethodRunner.java:46)
at org.testng.internal.TestInvoker$MethodInvocationAgent.invoke(TestInvoker.java:824)
at org.testng.internal.TestInvoker.invokeTestMethods(TestInvoker.java:146)
at org.testng.internal.TestMethodWorker.invokeTestMethods(TestMethodWorker.java:146)
at org.testng.internal.TestMethodWorker.run(TestMethodWorker.java:128)
at java.base/java.util.concurrent.ThreadPoolExecutor.runWorker(ThreadPoolExecutor.java:1128)
at java.base/java.util.concurrent.ThreadPoolExecutor$Worker.run(ThreadPoolExecutor.java:628)
at java.base/java.lang.Thread.run(Thread.java:829)
]]>
    </error>
  </testcase> <!-- desktopTestSetup -->
  <system-out/>
  <testcase classname="com.demo.desktoptests.GlobalTest" name="isTopNavigationFailure" time="0.012">
    <skipped/>
  </testcase> <!-- isTopNavigationFailure -->
  <system-out/>
  <testcase classname="com.demo.desktoptests.GlobalTest" name="desktopTestSetup" time="0.010">
    <error type="java.lang.NullPointerException">
      <![CDATA[java.lang.NullPointerException
at com.demo.common.utils.CommonUtils.desktopView(CommonUtils.java:88)
at com.demo.common.utils.DesktopTestUtil.testSetup(DesktopTestUtil.java:6)
at com.demo.desktoptests.GlobalTest.desktopTestSetup(GlobalTest.java:18)
at java.base/jdk.internal.reflect.NativeMethodAccessorImpl.invoke0(Native Method)
at java.base/jdk.internal.reflect.NativeMethodAccessorImpl.invoke(NativeMethodAccessorImpl.java:62)
at java.base/jdk.internal.reflect.DelegatingMethodAccessorImpl.invoke(DelegatingMethodAccessorImpl.java:43)
at java.base/java.lang.reflect.Method.invoke(Method.java:566)
at org.testng.internal.MethodInvocationHelper.invokeMethod(MethodInvocationHelper.java:133)
at org.testng.internal.MethodInvocationHelper.invokeMethodConsideringTimeout(MethodInvocationHelper.java:62)
at org.testng.internal.ConfigInvoker.invokeConfigurationMethod(ConfigInvoker.java:385)
at org.testng.internal.ConfigInvoker.invokeConfigurations(ConfigInvoker.java:321)
at org.testng.internal.TestInvoker.runConfigMethods(TestInvoker.java:700)
at org.testng.internal.TestInvoker.invokeMethod(TestInvoker.java:527)
at org.testng.internal.TestInvoker.invokeTestMethod(TestInvoker.java:173)
at org.testng.internal.MethodRunner.runInSequence(MethodRunner.java:46)
at org.testng.internal.TestInvoker$MethodInvocationAgent.invoke(TestInvoker.java:824)
at org.testng.internal.TestInvoker.invokeTestMethods(TestInvoker.java:146)
at org.testng.internal.TestMethodWorker.invokeTestMethods(TestMethodWorker.java:146)
at org.testng.internal.TestMethodWorker.run(TestMethodWorker.java:128)
at java.base/java.util.concurrent.ThreadPoolExecutor.runWorker(ThreadPoolExecutor.java:1128)
at java.base/java.util.concurrent.ThreadPoolExecutor$Worker.run(ThreadPoolExecutor.java:628)
at java.base/java.lang.Thread.run(Thread.java:829)
]]>
    </error>
  </testcase> <!-- desktopTestSetup -->
  <system-out/>
  <testcase classname="com.demo.desktoptests.GlobalTest" name="desktopTestSetup" time="0.004">
    <error type="java.lang.NullPointerException">
      <![CDATA[java.lang.NullPointerException
at com.demo.common.utils.CommonUtils.desktopView(CommonUtils.java:88)
at com.demo.common.utils.DesktopTestUtil.testSetup(DesktopTestUtil.java:6)
at com.demo.desktoptests.GlobalTest.desktopTestSetup(GlobalTest.java:18)
at java.base/jdk.internal.reflect.NativeMethodAccessorImpl.invoke0(Native Method)
at java.base/jdk.internal.reflect.NativeMethodAccessorImpl.invoke(NativeMethodAccessorImpl.java:62)
at java.base/jdk.internal.reflect.DelegatingMethodAccessorImpl.invoke(DelegatingMethodAccessorImpl.java:43)
at java.base/java.lang.reflect.Method.invoke(Method.java:566)
at org.testng.internal.MethodInvocationHelper.invokeMethod(MethodInvocationHelper.java:133)
at org.testng.internal.MethodInvocationHelper.invokeMethodConsideringTimeout(MethodInvocationHelper.java:62)
at org.testng.internal.ConfigInvoker.invokeConfigurationMethod(ConfigInvoker.java:385)
at org.testng.internal.ConfigInvoker.invokeConfigurations(ConfigInvoker.java:321)
at org.testng.internal.TestInvoker.runConfigMethods(TestInvoker.java:700)
at org.testng.internal.TestInvoker.invokeMethod(TestInvoker.java:527)
at org.testng.internal.TestInvoker.invokeTestMethod(TestInvoker.java:173)
at org.testng.internal.MethodRunner.runInSequence(MethodRunner.java:46)
at org.testng.internal.TestInvoker$MethodInvocationAgent.invoke(TestInvoker.java:824)
at org.testng.internal.TestInvoker.invokeTestMethods(TestInvoker.java:146)
at org.testng.internal.TestMethodWorker.invokeTestMethods(TestMethodWorker.java:146)
at org.testng.internal.TestMethodWorker.run(TestMethodWorker.java:128)
at java.base/java.util.concurrent.ThreadPoolExecutor.runWorker(ThreadPoolExecutor.java:1128)
at java.base/java.util.concurrent.ThreadPoolExecutor$Worker.run(ThreadPoolExecutor.java:628)
at java.base/java.lang.Thread.run(Thread.java:829)
]]>
    </error>
  </testcase> <!-- desktopTestSetup -->
  <system-out/>
  <testcase classname="com.demo.desktoptests.GlobalTest" name="beforeInvocation" time="0.034">
    <error message="com.ch.reports.FrameworkException: java.lang.IllegalStateException: The driver executable must exist: /home/user/WorkSpace/demo-framework-v2/./resources/drivers/windows/chromedriver.exe" type="com.ch.reports.FrameworkException">
      <![CDATA[com.ch.reports.FrameworkException: com.ch.reports.FrameworkException: java.lang.IllegalStateException: The driver executable must exist: /home/user/WorkSpace/demo-framework-v2/./resources/drivers/windows/chromedriver.exe
at com.ch.test.AbstractTestSetup.beforeInvocation(AbstractTestSetup.java:192)
at java.base/jdk.internal.reflect.NativeMethodAccessorImpl.invoke0(Native Method)
at java.base/jdk.internal.reflect.NativeMethodAccessorImpl.invoke(NativeMethodAccessorImpl.java:62)
at java.base/jdk.internal.reflect.DelegatingMethodAccessorImpl.invoke(DelegatingMethodAccessorImpl.java:43)
at java.base/java.lang.reflect.Method.invoke(Method.java:566)
at org.testng.internal.MethodInvocationHelper.invokeMethod(MethodInvocationHelper.java:133)
at org.testng.internal.MethodInvocationHelper.invokeMethodConsideringTimeout(MethodInvocationHelper.java:62)
at org.testng.internal.ConfigInvoker.invokeConfigurationMethod(ConfigInvoker.java:385)
at org.testng.internal.ConfigInvoker.invokeConfigurations(ConfigInvoker.java:321)
at org.testng.internal.TestInvoker.runConfigMethods(TestInvoker.java:700)
at org.testng.internal.TestInvoker.invokeMethod(TestInvoker.java:527)
at org.testng.internal.TestInvoker.invokeTestMethod(TestInvoker.java:173)
at org.testng.internal.MethodRunner.runInSequence(MethodRunner.java:46)
at org.testng.internal.TestInvoker$MethodInvocationAgent.invoke(TestInvoker.java:824)
at org.testng.internal.TestInvoker.invokeTestMethods(TestInvoker.java:146)
at org.testng.internal.TestMethodWorker.invokeTestMethods(TestMethodWorker.java:146)
at org.testng.internal.TestMethodWorker.run(TestMethodWorker.java:128)
at java.base/java.util.concurrent.ThreadPoolExecutor.runWorker(ThreadPoolExecutor.java:1128)
at java.base/java.util.concurrent.ThreadPoolExecutor$Worker.run(ThreadPoolExecutor.java:628)
at java.base/java.lang.Thread.run(Thread.java:829)
Caused by: com.ch.reports.FrameworkException: java.lang.IllegalStateException: The driver executable must exist: /home/user/WorkSpace/demo-framework-v2/./resources/drivers/windows/chromedriver.exe
at com.ch.test.AbstractTestSetup.setWebDriver(AbstractTestSetup.java:202)
at com.ch.test.AbstractTestSetup.beforeInvocation(AbstractTestSetup.java:189)
... 19 more
Caused by: java.lang.IllegalStateException: The driver executable must exist: /home/user/WorkSpace/demo-framework-v2/./resources/drivers/windows/chromedriver.exe
at org.openqa.selenium.internal.Require$FileStateChecker.isFile(Require.java:342)
at org.openqa.selenium.remote.service.DriverService.checkExecutable(DriverService.java:147)
at org.openqa.selenium.remote.service.DriverService.findExecutable(DriverService.java:142)
at org.openqa.selenium.chrome.ChromeDriverService.access$000(ChromeDriverService.java:35)
at org.openqa.selenium.chrome.ChromeDriverService$Builder.findDefaultExecutable(ChromeDriverService.java:159)
at org.openqa.selenium.remote.service.DriverService$Builder.build(DriverService.java:437)
at org.openqa.selenium.chrome.ChromeDriverService.createDefaultService(ChromeDriverService.java:94)
at org.openqa.selenium.chrome.ChromeDriver.<init>(ChromeDriver.java:147)
at com.ch.utils.DriverFactory.getLocal(DriverFactory.java:147)
at com.ch.utils.DriverFactory.getDriverInstance(DriverFactory.java:70)
at com.ch.utils.DriverFactory.setWebDriver(DriverFactory.java:50)
at com.ch.test.AbstractTestSetup.setWebDriver(AbstractTestSetup.java:199)
... 20 more
]]>
    </error>
  </testcase> <!-- beforeInvocation -->
  <system-out/>
  <testcase classname="com.demo.desktoptests.GlobalTest" name="desktopTestSetup" time="0.001">
    <error type="java.lang.NullPointerException">
      <![CDATA[java.lang.NullPointerException
at com.demo.common.utils.CommonUtils.desktopView(CommonUtils.java:88)
at com.demo.common.utils.DesktopTestUtil.testSetup(DesktopTestUtil.java:6)
at com.demo.desktoptests.GlobalTest.desktopTestSetup(GlobalTest.java:18)
at java.base/jdk.internal.reflect.NativeMethodAccessorImpl.invoke0(Native Method)
at java.base/jdk.internal.reflect.NativeMethodAccessorImpl.invoke(NativeMethodAccessorImpl.java:62)
at java.base/jdk.internal.reflect.DelegatingMethodAccessorImpl.invoke(DelegatingMethodAccessorImpl.java:43)
at java.base/java.lang.reflect.Method.invoke(Method.java:566)
at org.testng.internal.MethodInvocationHelper.invokeMethod(MethodInvocationHelper.java:133)
at org.testng.internal.MethodInvocationHelper.invokeMethodConsideringTimeout(MethodInvocationHelper.java:62)
at org.testng.internal.ConfigInvoker.invokeConfigurationMethod(ConfigInvoker.java:385)
at org.testng.internal.ConfigInvoker.invokeConfigurations(ConfigInvoker.java:321)
at org.testng.internal.TestInvoker.runConfigMethods(TestInvoker.java:700)
at org.testng.internal.TestInvoker.invokeMethod(TestInvoker.java:527)
at org.testng.internal.TestInvoker.invokeTestMethod(TestInvoker.java:173)
at org.testng.internal.MethodRunner.runInSequence(MethodRunner.java:46)
at org.testng.internal.TestInvoker$MethodInvocationAgent.invoke(TestInvoker.java:824)
at org.testng.internal.TestInvoker.invokeTestMethods(TestInvoker.java:146)
at org.testng.internal.TestMethodWorker.invokeTestMethods(TestMethodWorker.java:146)
at org.testng.internal.TestMethodWorker.run(TestMethodWorker.java:128)
at java.base/java.util.concurrent.ThreadPoolExecutor.runWorker(ThreadPoolExecutor.java:1128)
at java.base/java.util.concurrent.ThreadPoolExecutor$Worker.run(ThreadPoolExecutor.java:628)
at java.base/java.lang.Thread.run(Thread.java:829)
]]>
    </error>
  </testcase> <!-- desktopTestSetup -->
  <system-out/>
  <testcase classname="com.demo.desktoptests.GlobalTest" name="desktopTestSetup" time="0.000">
    <error type="java.lang.NullPointerException">
      <![CDATA[java.lang.NullPointerException
at com.demo.common.utils.CommonUtils.desktopView(CommonUtils.java:88)
at com.demo.common.utils.DesktopTestUtil.testSetup(DesktopTestUtil.java:6)
at com.demo.desktoptests.GlobalTest.desktopTestSetup(GlobalTest.java:18)
at java.base/jdk.internal.reflect.NativeMethodAccessorImpl.invoke0(Native Method)
at java.base/jdk.internal.reflect.NativeMethodAccessorImpl.invoke(NativeMethodAccessorImpl.java:62)
at java.base/jdk.internal.reflect.DelegatingMethodAccessorImpl.invoke(DelegatingMethodAccessorImpl.java:43)
at java.base/java.lang.reflect.Method.invoke(Method.java:566)
at org.testng.internal.MethodInvocationHelper.invokeMethod(MethodInvocationHelper.java:133)
at org.testng.internal.MethodInvocationHelper.invokeMethodConsideringTimeout(MethodInvocationHelper.java:62)
at org.testng.internal.ConfigInvoker.invokeConfigurationMethod(ConfigInvoker.java:385)
at org.testng.internal.ConfigInvoker.invokeConfigurations(ConfigInvoker.java:321)
at org.testng.internal.TestInvoker.runConfigMethods(TestInvoker.java:700)
at org.testng.internal.TestInvoker.invokeMethod(TestInvoker.java:527)
at org.testng.internal.TestInvoker.invokeTestMethod(TestInvoker.java:173)
at org.testng.internal.MethodRunner.runInSequence(MethodRunner.java:46)
at org.testng.internal.TestInvoker$MethodInvocationAgent.invoke(TestInvoker.java:824)
at org.testng.internal.TestInvoker.invokeTestMethods(TestInvoker.java:146)
at org.testng.internal.TestMethodWorker.invokeTestMethods(TestMethodWorker.java:146)
at org.testng.internal.TestMethodWorker.run(TestMethodWorker.java:128)
at java.base/java.util.concurrent.ThreadPoolExecutor.runWorker(ThreadPoolExecutor.java:1128)
at java.base/java.util.concurrent.ThreadPoolExecutor$Worker.run(ThreadPoolExecutor.java:628)
at java.base/java.lang.Thread.run(Thread.java:829)
]]>
    </error>
  </testcase> <!-- desktopTestSetup -->
  <system-out/>
  <testcase classname="com.demo.desktoptests.GlobalTest" name="desktopTestSetup" time="0.000">
    <error type="java.lang.NullPointerException">
      <![CDATA[java.lang.NullPointerException
at com.demo.common.utils.CommonUtils.desktopView(CommonUtils.java:88)
at com.demo.common.utils.DesktopTestUtil.testSetup(DesktopTestUtil.java:6)
at com.demo.desktoptests.GlobalTest.desktopTestSetup(GlobalTest.java:18)
at java.base/jdk.internal.reflect.NativeMethodAccessorImpl.invoke0(Native Method)
at java.base/jdk.internal.reflect.NativeMethodAccessorImpl.invoke(NativeMethodAccessorImpl.java:62)
at java.base/jdk.internal.reflect.DelegatingMethodAccessorImpl.invoke(DelegatingMethodAccessorImpl.java:43)
at java.base/java.lang.reflect.Method.invoke(Method.java:566)
at org.testng.internal.MethodInvocationHelper.invokeMethod(MethodInvocationHelper.java:133)
at org.testng.internal.MethodInvocationHelper.invokeMethodConsideringTimeout(MethodInvocationHelper.java:62)
at org.testng.internal.ConfigInvoker.invokeConfigurationMethod(ConfigInvoker.java:385)
at org.testng.internal.ConfigInvoker.invokeConfigurations(ConfigInvoker.java:321)
at org.testng.internal.TestInvoker.runConfigMethods(TestInvoker.java:700)
at org.testng.internal.TestInvoker.invokeMethod(TestInvoker.java:527)
at org.testng.internal.TestInvoker.invokeTestMethod(TestInvoker.java:173)
at org.testng.internal.MethodRunner.runInSequence(MethodRunner.java:46)
at org.testng.internal.TestInvoker$MethodInvocationAgent.invoke(TestInvoker.java:824)
at org.testng.internal.TestInvoker.invokeTestMethods(TestInvoker.java:146)
at org.testng.internal.TestMethodWorker.invokeTestMethods(TestMethodWorker.java:146)
at org.testng.internal.TestMethodWorker.run(TestMethodWorker.java:128)
at java.base/java.util.concurrent.ThreadPoolExecutor.runWorker(ThreadPoolExecutor.java:1128)
at java.base/java.util.concurrent.ThreadPoolExecutor$Worker.run(ThreadPoolExecutor.java:628)
at java.base/java.lang.Thread.run(Thread.java:829)
]]>
    </error>
  </testcase> <!-- desktopTestSetup -->
  <system-out/>
  <testcase classname="com.demo.desktoptests.GlobalTest" name="isTopNavigation2" time="0.000">
    <skipped/>
  </testcase> <!-- isTopNavigation2 -->
  <system-out/>
  <testcase classname="com.demo.desktoptests.GlobalTest" name="desktopTestSetup" time="0.000">
    <error type="java.lang.NullPointerException">
      <![CDATA[java.lang.NullPointerException
at com.demo.common.utils.CommonUtils.desktopView(CommonUtils.java:88)
at com.demo.common.utils.DesktopTestUtil.testSetup(DesktopTestUtil.java:6)
at com.demo.desktoptests.GlobalTest.desktopTestSetup(GlobalTest.java:18)
at java.base/jdk.internal.reflect.NativeMethodAccessorImpl.invoke0(Native Method)
at java.base/jdk.internal.reflect.NativeMethodAccessorImpl.invoke(NativeMethodAccessorImpl.java:62)
at java.base/jdk.internal.reflect.DelegatingMethodAccessorImpl.invoke(DelegatingMethodAccessorImpl.java:43)
at java.base/java.lang.reflect.Method.invoke(Method.java:566)
at org.testng.internal.MethodInvocationHelper.invokeMethod(MethodInvocationHelper.java:133)
at org.testng.internal.MethodInvocationHelper.invokeMethodConsideringTimeout(MethodInvocationHelper.java:62)
at org.testng.internal.ConfigInvoker.invokeConfigurationMethod(ConfigInvoker.java:385)
at org.testng.internal.ConfigInvoker.invokeConfigurations(ConfigInvoker.java:321)
at org.testng.internal.TestInvoker.runConfigMethods(TestInvoker.java:700)
at org.testng.internal.TestInvoker.invokeMethod(TestInvoker.java:527)
at org.testng.internal.TestInvoker.invokeTestMethod(TestInvoker.java:173)
at org.testng.internal.MethodRunner.runInSequence(MethodRunner.java:46)
at org.testng.internal.TestInvoker$MethodInvocationAgent.invoke(TestInvoker.java:824)
at org.testng.internal.TestInvoker.invokeTestMethods(TestInvoker.java:146)
at org.testng.internal.TestMethodWorker.invokeTestMethods(TestMethodWorker.java:146)
at org.testng.internal.TestMethodWorker.run(TestMethodWorker.java:128)
at java.base/java.util.concurrent.ThreadPoolExecutor.runWorker(ThreadPoolExecutor.java:1128)
at java.base/java.util.concurrent.ThreadPoolExecutor$Worker.run(ThreadPoolExecutor.java:628)
at java.base/java.lang.Thread.run(Thread.java:829)
]]>
    </error>
  </testcase> <!-- desktopTestSetup -->
  <system-out/>
  <testcase classname="com.demo.desktoptests.GlobalTest" name="isDesktopSpecificTopNavigationWithRetry" time="0.000">
    <skipped/>
  </testcase> <!-- isDesktopSpecificTopNavigationWithRetry -->
  <system-out/>
  <testcase classname="com.demo.desktoptests.GlobalTest" name="desktopTestSetup" time="0.001">
    <error type="java.lang.NullPointerException">
      <![CDATA[java.lang.NullPointerException
at com.demo.common.utils.CommonUtils.desktopView(CommonUtils.java:88)
at com.demo.common.utils.DesktopTestUtil.testSetup(DesktopTestUtil.java:6)
at com.demo.desktoptests.GlobalTest.desktopTestSetup(GlobalTest.java:18)
at java.base/jdk.internal.reflect.NativeMethodAccessorImpl.invoke0(Native Method)
at java.base/jdk.internal.reflect.NativeMethodAccessorImpl.invoke(NativeMethodAccessorImpl.java:62)
at java.base/jdk.internal.reflect.DelegatingMethodAccessorImpl.invoke(DelegatingMethodAccessorImpl.java:43)
at java.base/java.lang.reflect.Method.invoke(Method.java:566)
at org.testng.internal.MethodInvocationHelper.invokeMethod(MethodInvocationHelper.java:133)
at org.testng.internal.MethodInvocationHelper.invokeMethodConsideringTimeout(MethodInvocationHelper.java:62)
at org.testng.internal.ConfigInvoker.invokeConfigurationMethod(ConfigInvoker.java:385)
at org.testng.internal.ConfigInvoker.invokeConfigurations(ConfigInvoker.java:321)
at org.testng.internal.TestInvoker.runConfigMethods(TestInvoker.java:700)
at org.testng.internal.TestInvoker.invokeMethod(TestInvoker.java:527)
at org.testng.internal.TestInvoker.invokeTestMethod(TestInvoker.java:173)
at org.testng.internal.MethodRunner.runInSequence(MethodRunner.java:46)
at org.testng.internal.TestInvoker$MethodInvocationAgent.invoke(TestInvoker.java:824)
at org.testng.internal.TestInvoker.invokeTestMethods(TestInvoker.java:146)
at org.testng.internal.TestMethodWorker.invokeTestMethods(TestMethodWorker.java:146)
at org.testng.internal.TestMethodWorker.run(TestMethodWorker.java:128)
at java.base/java.util.concurrent.ThreadPoolExecutor.runWorker(ThreadPoolExecutor.java:1128)
at java.base/java.util.concurrent.ThreadPoolExecutor$Worker.run(ThreadPoolExecutor.java:628)
at java.base/java.lang.Thread.run(Thread.java:829)
]]>
    </error>
  </testcase> <!-- desktopTestSetup -->
  <system-out/>
  <testcase classname="com.demo.desktoptests.GlobalTest" name="beforeInvocation" time="0.002">
    <error message="com.ch.reports.FrameworkException: java.lang.IllegalStateException: The driver executable must exist: /home/user/WorkSpace/demo-framework-v2/./resources/drivers/windows/chromedriver.exe" type="com.ch.reports.FrameworkException">
      <![CDATA[com.ch.reports.FrameworkException: com.ch.reports.FrameworkException: java.lang.IllegalStateException: The driver executable must exist: /home/user/WorkSpace/demo-framework-v2/./resources/drivers/windows/chromedriver.exe
at com.ch.test.AbstractTestSetup.beforeInvocation(AbstractTestSetup.java:192)
at java.base/jdk.internal.reflect.NativeMethodAccessorImpl.invoke0(Native Method)
at java.base/jdk.internal.reflect.NativeMethodAccessorImpl.invoke(NativeMethodAccessorImpl.java:62)
at java.base/jdk.internal.reflect.DelegatingMethodAccessorImpl.invoke(DelegatingMethodAccessorImpl.java:43)
at java.base/java.lang.reflect.Method.invoke(Method.java:566)
at org.testng.internal.MethodInvocationHelper.invokeMethod(MethodInvocationHelper.java:133)
at org.testng.internal.MethodInvocationHelper.invokeMethodConsideringTimeout(MethodInvocationHelper.java:62)
at org.testng.internal.ConfigInvoker.invokeConfigurationMethod(ConfigInvoker.java:385)
at org.testng.internal.ConfigInvoker.invokeConfigurations(ConfigInvoker.java:321)
at org.testng.internal.TestInvoker.runConfigMethods(TestInvoker.java:700)
at org.testng.internal.TestInvoker.invokeMethod(TestInvoker.java:527)
at org.testng.internal.TestInvoker.invokeTestMethod(TestInvoker.java:173)
at org.testng.internal.MethodRunner.runInSequence(MethodRunner.java:46)
at org.testng.internal.TestInvoker$MethodInvocationAgent.invoke(TestInvoker.java:824)
at org.testng.internal.TestInvoker.invokeTestMethods(TestInvoker.java:146)
at org.testng.internal.TestMethodWorker.invokeTestMethods(TestMethodWorker.java:146)
at org.testng.internal.TestMethodWorker.run(TestMethodWorker.java:128)
at java.base/java.util.concurrent.ThreadPoolExecutor.runWorker(ThreadPoolExecutor.java:1128)
at java.base/java.util.concurrent.ThreadPoolExecutor$Worker.run(ThreadPoolExecutor.java:628)
at java.base/java.lang.Thread.run(Thread.java:829)
Caused by: com.ch.reports.FrameworkException: java.lang.IllegalStateException: The driver executable must exist: /home/user/WorkSpace/demo-framework-v2/./resources/drivers/windows/chromedriver.exe
at com.ch.test.AbstractTestSetup.setWebDriver(AbstractTestSetup.java:202)
at com.ch.test.AbstractTestSetup.beforeInvocation(AbstractTestSetup.java:189)
... 19 more
Caused by: java.lang.IllegalStateException: The driver executable must exist: /home/user/WorkSpace/demo-framework-v2/./resources/drivers/windows/chromedriver.exe
at org.openqa.selenium.internal.Require$FileStateChecker.isFile(Require.java:342)
at org.openqa.selenium.remote.service.DriverService.checkExecutable(DriverService.java:147)
at org.openqa.selenium.remote.service.DriverService.findExecutable(DriverService.java:142)
at org.openqa.selenium.chrome.ChromeDriverService.access$000(ChromeDriverService.java:35)
at org.openqa.selenium.chrome.ChromeDriverService$Builder.findDefaultExecutable(ChromeDriverService.java:159)
at org.openqa.selenium.remote.service.DriverService$Builder.build(DriverService.java:437)
at org.openqa.selenium.chrome.ChromeDriverService.createDefaultService(ChromeDriverService.java:94)
at org.openqa.selenium.chrome.ChromeDriver.<init>(ChromeDriver.java:147)
at com.ch.utils.DriverFactory.getLocal(DriverFactory.java:147)
at com.ch.utils.DriverFactory.getDriverInstance(DriverFactory.java:70)
at com.ch.utils.DriverFactory.setWebDriver(DriverFactory.java:50)
at com.ch.test.AbstractTestSetup.setWebDriver(AbstractTestSetup.java:199)
... 20 more
]]>
    </error>
  </testcase> <!-- beforeInvocation -->
  <system-out/>
  <testcase classname="com.demo.desktoptests.GlobalTest" name="beforeInvocation" time="0.006">
    <error message="com.ch.reports.FrameworkException: java.lang.IllegalStateException: The driver executable must exist: /home/user/WorkSpace/demo-framework-v2/./resources/drivers/windows/chromedriver.exe" type="com.ch.reports.FrameworkException">
      <![CDATA[com.ch.reports.FrameworkException: com.ch.reports.FrameworkException: java.lang.IllegalStateException: The driver executable must exist: /home/user/WorkSpace/demo-framework-v2/./resources/drivers/windows/chromedriver.exe
at com.ch.test.AbstractTestSetup.beforeInvocation(AbstractTestSetup.java:192)
at java.base/jdk.internal.reflect.NativeMethodAccessorImpl.invoke0(Native Method)
at java.base/jdk.internal.reflect.NativeMethodAccessorImpl.invoke(NativeMethodAccessorImpl.java:62)
at java.base/jdk.internal.reflect.DelegatingMethodAccessorImpl.invoke(DelegatingMethodAccessorImpl.java:43)
at java.base/java.lang.reflect.Method.invoke(Method.java:566)
at org.testng.internal.MethodInvocationHelper.invokeMethod(MethodInvocationHelper.java:133)
at org.testng.internal.MethodInvocationHelper.invokeMethodConsideringTimeout(MethodInvocationHelper.java:62)
at org.testng.internal.ConfigInvoker.invokeConfigurationMethod(ConfigInvoker.java:385)
at org.testng.internal.ConfigInvoker.invokeConfigurations(ConfigInvoker.java:321)
at org.testng.internal.TestInvoker.runConfigMethods(TestInvoker.java:700)
at org.testng.internal.TestInvoker.invokeMethod(TestInvoker.java:527)
at org.testng.internal.TestInvoker.invokeTestMethod(TestInvoker.java:173)
at org.testng.internal.MethodRunner.runInSequence(MethodRunner.java:46)
at org.testng.internal.TestInvoker$MethodInvocationAgent.invoke(TestInvoker.java:824)
at org.testng.internal.TestInvoker.invokeTestMethods(TestInvoker.java:146)
at org.testng.internal.TestMethodWorker.invokeTestMethods(TestMethodWorker.java:146)
at org.testng.internal.TestMethodWorker.run(TestMethodWorker.java:128)
at java.base/java.util.concurrent.ThreadPoolExecutor.runWorker(ThreadPoolExecutor.java:1128)
at java.base/java.util.concurrent.ThreadPoolExecutor$Worker.run(ThreadPoolExecutor.java:628)
at java.base/java.lang.Thread.run(Thread.java:829)
Caused by: com.ch.reports.FrameworkException: java.lang.IllegalStateException: The driver executable must exist: /home/user/WorkSpace/demo-framework-v2/./resources/drivers/windows/chromedriver.exe
at com.ch.test.AbstractTestSetup.setWebDriver(AbstractTestSetup.java:202)
at com.ch.test.AbstractTestSetup.beforeInvocation(AbstractTestSetup.java:189)
... 19 more
Caused by: java.lang.IllegalStateException: The driver executable must exist: /home/user/WorkSpace/demo-framework-v2/./resources/drivers/windows/chromedriver.exe
at org.openqa.selenium.internal.Require$FileStateChecker.isFile(Require.java:342)
at org.openqa.selenium.remote.service.DriverService.checkExecutable(DriverService.java:147)
at org.openqa.selenium.remote.service.DriverService.findExecutable(DriverService.java:142)
at org.openqa.selenium.chrome.ChromeDriverService.access$000(ChromeDriverService.java:35)
at org.openqa.selenium.chrome.ChromeDriverService$Builder.findDefaultExecutable(ChromeDriverService.java:159)
at org.openqa.selenium.remote.service.DriverService$Builder.build(DriverService.java:437)
at org.openqa.selenium.chrome.ChromeDriverService.createDefaultService(ChromeDriverService.java:94)
at org.openqa.selenium.chrome.ChromeDriver.<init>(ChromeDriver.java:147)
at com.ch.utils.DriverFactory.getLocal(DriverFactory.java:147)
at com.ch.utils.DriverFactory.getDriverInstance(DriverFactory.java:70)
at com.ch.utils.DriverFactory.setWebDriver(DriverFactory.java:50)
at com.ch.test.AbstractTestSetup.setWebDriver(AbstractTestSetup.java:199)
... 20 more
]]>
    </error>
  </testcase> <!-- beforeInvocation -->
  <system-out/>
  <testcase classname="com.demo.desktoptests.GlobalTest" name="isTopNavigationFailureWithCustomExceptionInTheEnd" time="0.000">
    <skipped/>
  </testcase> <!-- isTopNavigationFailureWithCustomExceptionInTheEnd -->
  <system-out/>
  <testcase classname="com.demo.desktoptests.GlobalTest" name="testStoreDataProvider" time="0.000">
    <skipped/>
  </testcase> <!-- testStoreDataProvider -->
  <system-out/>
  <testcase classname="com.demo.desktoptests.GlobalTest" name="isTopNavigation4" time="0.000">
    <skipped/>
  </testcase> <!-- isTopNavigation4 -->
  <system-out/>
  <testcase classname="com.demo.desktoptests.GlobalTest" name="beforeInvocation" time="0.015">
    <error message="com.ch.reports.FrameworkException: java.lang.IllegalStateException: The driver executable must exist: /home/user/WorkSpace/demo-framework-v2/./resources/drivers/windows/chromedriver.exe" type="com.ch.reports.FrameworkException">
      <![CDATA[com.ch.reports.FrameworkException: com.ch.reports.FrameworkException: java.lang.IllegalStateException: The driver executable must exist: /home/user/WorkSpace/demo-framework-v2/./resources/drivers/windows/chromedriver.exe
at com.ch.test.AbstractTestSetup.beforeInvocation(AbstractTestSetup.java:192)
at java.base/jdk.internal.reflect.NativeMethodAccessorImpl.invoke0(Native Method)
at java.base/jdk.internal.reflect.NativeMethodAccessorImpl.invoke(NativeMethodAccessorImpl.java:62)
at java.base/jdk.internal.reflect.DelegatingMethodAccessorImpl.invoke(DelegatingMethodAccessorImpl.java:43)
at java.base/java.lang.reflect.Method.invoke(Method.java:566)
at org.testng.internal.MethodInvocationHelper.invokeMethod(MethodInvocationHelper.java:133)
at org.testng.internal.MethodInvocationHelper.invokeMethodConsideringTimeout(MethodInvocationHelper.java:62)
at org.testng.internal.ConfigInvoker.invokeConfigurationMethod(ConfigInvoker.java:385)
at org.testng.internal.ConfigInvoker.invokeConfigurations(ConfigInvoker.java:321)
at org.testng.internal.TestInvoker.runConfigMethods(TestInvoker.java:700)
at org.testng.internal.TestInvoker.invokeMethod(TestInvoker.java:527)
at org.testng.internal.TestInvoker.invokeTestMethod(TestInvoker.java:173)
at org.testng.internal.MethodRunner.runInSequence(MethodRunner.java:46)
at org.testng.internal.TestInvoker$MethodInvocationAgent.invoke(TestInvoker.java:824)
at org.testng.internal.TestInvoker.invokeTestMethods(TestInvoker.java:146)
at org.testng.internal.TestMethodWorker.invokeTestMethods(TestMethodWorker.java:146)
at org.testng.internal.TestMethodWorker.run(TestMethodWorker.java:128)
at java.base/java.util.concurrent.ThreadPoolExecutor.runWorker(ThreadPoolExecutor.java:1128)
at java.base/java.util.concurrent.ThreadPoolExecutor$Worker.run(ThreadPoolExecutor.java:628)
at java.base/java.lang.Thread.run(Thread.java:829)
Caused by: com.ch.reports.FrameworkException: java.lang.IllegalStateException: The driver executable must exist: /home/user/WorkSpace/demo-framework-v2/./resources/drivers/windows/chromedriver.exe
at com.ch.test.AbstractTestSetup.setWebDriver(AbstractTestSetup.java:202)
at com.ch.test.AbstractTestSetup.beforeInvocation(AbstractTestSetup.java:189)
... 19 more
Caused by: java.lang.IllegalStateException: The driver executable must exist: /home/user/WorkSpace/demo-framework-v2/./resources/drivers/windows/chromedriver.exe
at org.openqa.selenium.internal.Require$FileStateChecker.isFile(Require.java:342)
at org.openqa.selenium.remote.service.DriverService.checkExecutable(DriverService.java:147)
at org.openqa.selenium.remote.service.DriverService.findExecutable(DriverService.java:142)
at org.openqa.selenium.chrome.ChromeDriverService.access$000(ChromeDriverService.java:35)
at org.openqa.selenium.chrome.ChromeDriverService$Builder.findDefaultExecutable(ChromeDriverService.java:159)
at org.openqa.selenium.remote.service.DriverService$Builder.build(DriverService.java:437)
at org.openqa.selenium.chrome.ChromeDriverService.createDefaultService(ChromeDriverService.java:94)
at org.openqa.selenium.chrome.ChromeDriver.<init>(ChromeDriver.java:147)
at com.ch.utils.DriverFactory.getLocal(DriverFactory.java:147)
at com.ch.utils.DriverFactory.getDriverInstance(DriverFactory.java:70)
at com.ch.utils.DriverFactory.setWebDriver(DriverFactory.java:50)
at com.ch.test.AbstractTestSetup.setWebDriver(AbstractTestSetup.java:199)
... 20 more
]]>
    </error>
  </testcase> <!-- beforeInvocation -->
  <system-out/>
  <testcase classname="com.demo.desktoptests.GlobalTest" name="beforeInvocation" time="0.027">
    <error message="com.ch.reports.FrameworkException: java.lang.IllegalStateException: The driver executable must exist: /home/user/WorkSpace/demo-framework-v2/./resources/drivers/windows/chromedriver.exe" type="com.ch.reports.FrameworkException">
      <![CDATA[com.ch.reports.FrameworkException: com.ch.reports.FrameworkException: java.lang.IllegalStateException: The driver executable must exist: /home/user/WorkSpace/demo-framework-v2/./resources/drivers/windows/chromedriver.exe
at com.ch.test.AbstractTestSetup.beforeInvocation(AbstractTestSetup.java:192)
at java.base/jdk.internal.reflect.NativeMethodAccessorImpl.invoke0(Native Method)
at java.base/jdk.internal.reflect.NativeMethodAccessorImpl.invoke(NativeMethodAccessorImpl.java:62)
at java.base/jdk.internal.reflect.DelegatingMethodAccessorImpl.invoke(DelegatingMethodAccessorImpl.java:43)
at java.base/java.lang.reflect.Method.invoke(Method.java:566)
at org.testng.internal.MethodInvocationHelper.invokeMethod(MethodInvocationHelper.java:133)
at org.testng.internal.MethodInvocationHelper.invokeMethodConsideringTimeout(MethodInvocationHelper.java:62)
at org.testng.internal.ConfigInvoker.invokeConfigurationMethod(ConfigInvoker.java:385)
at org.testng.internal.ConfigInvoker.invokeConfigurations(ConfigInvoker.java:321)
at org.testng.internal.TestInvoker.runConfigMethods(TestInvoker.java:700)
at org.testng.internal.TestInvoker.invokeMethod(TestInvoker.java:527)
at org.testng.internal.TestInvoker.invokeTestMethod(TestInvoker.java:173)
at org.testng.internal.MethodRunner.runInSequence(MethodRunner.java:46)
at org.testng.internal.TestInvoker$MethodInvocationAgent.invoke(TestInvoker.java:824)
at org.testng.internal.TestInvoker.invokeTestMethods(TestInvoker.java:146)
at org.testng.internal.TestMethodWorker.invokeTestMethods(TestMethodWorker.java:146)
at org.testng.internal.TestMethodWorker.run(TestMethodWorker.java:128)
at java.base/java.util.concurrent.ThreadPoolExecutor.runWorker(ThreadPoolExecutor.java:1128)
at java.base/java.util.concurrent.ThreadPoolExecutor$Worker.run(ThreadPoolExecutor.java:628)
at java.base/java.lang.Thread.run(Thread.java:829)
Caused by: com.ch.reports.FrameworkException: java.lang.IllegalStateException: The driver executable must exist: /home/user/WorkSpace/demo-framework-v2/./resources/drivers/windows/chromedriver.exe
at com.ch.test.AbstractTestSetup.setWebDriver(AbstractTestSetup.java:202)
at com.ch.test.AbstractTestSetup.beforeInvocation(AbstractTestSetup.java:189)
... 19 more
Caused by: java.lang.IllegalStateException: The driver executable must exist: /home/user/WorkSpace/demo-framework-v2/./resources/drivers/windows/chromedriver.exe
at org.openqa.selenium.internal.Require$FileStateChecker.isFile(Require.java:342)
at org.openqa.selenium.remote.service.DriverService.checkExecutable(DriverService.java:147)
at org.openqa.selenium.remote.service.DriverService.findExecutable(DriverService.java:142)
at org.openqa.selenium.chrome.ChromeDriverService.access$000(ChromeDriverService.java:35)
at org.openqa.selenium.chrome.ChromeDriverService$Builder.findDefaultExecutable(ChromeDriverService.java:159)
at org.openqa.selenium.remote.service.DriverService$Builder.build(DriverService.java:437)
at org.openqa.selenium.chrome.ChromeDriverService.createDefaultService(ChromeDriverService.java:94)
at org.openqa.selenium.chrome.ChromeDriver.<init>(ChromeDriver.java:147)
at com.ch.utils.DriverFactory.getLocal(DriverFactory.java:147)
at com.ch.utils.DriverFactory.getDriverInstance(DriverFactory.java:70)
at com.ch.utils.DriverFactory.setWebDriver(DriverFactory.java:50)
at com.ch.test.AbstractTestSetup.setWebDriver(AbstractTestSetup.java:199)
... 20 more
]]>
    </error>
  </testcase> <!-- beforeInvocation -->
  <system-out/>
  <testcase classname="com.demo.desktoptests.GlobalTest" name="beforeInvocation" time="0.024">
    <error message="com.ch.reports.FrameworkException: java.lang.IllegalStateException: The driver executable must exist: /home/user/WorkSpace/demo-framework-v2/./resources/drivers/windows/chromedriver.exe" type="com.ch.reports.FrameworkException">
      <![CDATA[com.ch.reports.FrameworkException: com.ch.reports.FrameworkException: java.lang.IllegalStateException: The driver executable must exist: /home/user/WorkSpace/demo-framework-v2/./resources/drivers/windows/chromedriver.exe
at com.ch.test.AbstractTestSetup.beforeInvocation(AbstractTestSetup.java:192)
at java.base/jdk.internal.reflect.NativeMethodAccessorImpl.invoke0(Native Method)
at java.base/jdk.internal.reflect.NativeMethodAccessorImpl.invoke(NativeMethodAccessorImpl.java:62)
at java.base/jdk.internal.reflect.DelegatingMethodAccessorImpl.invoke(DelegatingMethodAccessorImpl.java:43)
at java.base/java.lang.reflect.Method.invoke(Method.java:566)
at org.testng.internal.MethodInvocationHelper.invokeMethod(MethodInvocationHelper.java:133)
at org.testng.internal.MethodInvocationHelper.invokeMethodConsideringTimeout(MethodInvocationHelper.java:62)
at org.testng.internal.ConfigInvoker.invokeConfigurationMethod(ConfigInvoker.java:385)
at org.testng.internal.ConfigInvoker.invokeConfigurations(ConfigInvoker.java:321)
at org.testng.internal.TestInvoker.runConfigMethods(TestInvoker.java:700)
at org.testng.internal.TestInvoker.invokeMethod(TestInvoker.java:527)
at org.testng.internal.TestInvoker.invokeTestMethod(TestInvoker.java:173)
at org.testng.internal.MethodRunner.runInSequence(MethodRunner.java:46)
at org.testng.internal.TestInvoker$MethodInvocationAgent.invoke(TestInvoker.java:824)
at org.testng.internal.TestInvoker.invokeTestMethods(TestInvoker.java:146)
at org.testng.internal.TestMethodWorker.invokeTestMethods(TestMethodWorker.java:146)
at org.testng.internal.TestMethodWorker.run(TestMethodWorker.java:128)
at java.base/java.util.concurrent.ThreadPoolExecutor.runWorker(ThreadPoolExecutor.java:1128)
at java.base/java.util.concurrent.ThreadPoolExecutor$Worker.run(ThreadPoolExecutor.java:628)
at java.base/java.lang.Thread.run(Thread.java:829)
Caused by: com.ch.reports.FrameworkException: java.lang.IllegalStateException: The driver executable must exist: /home/user/WorkSpace/demo-framework-v2/./resources/drivers/windows/chromedriver.exe
at com.ch.test.AbstractTestSetup.setWebDriver(AbstractTestSetup.java:202)
at com.ch.test.AbstractTestSetup.beforeInvocation(AbstractTestSetup.java:189)
... 19 more
Caused by: java.lang.IllegalStateException: The driver executable must exist: /home/user/WorkSpace/demo-framework-v2/./resources/drivers/windows/chromedriver.exe
at org.openqa.selenium.internal.Require$FileStateChecker.isFile(Require.java:342)
at org.openqa.selenium.remote.service.DriverService.checkExecutable(DriverService.java:147)
at org.openqa.selenium.remote.service.DriverService.findExecutable(DriverService.java:142)
at org.openqa.selenium.chrome.ChromeDriverService.access$000(ChromeDriverService.java:35)
at org.openqa.selenium.chrome.ChromeDriverService$Builder.findDefaultExecutable(ChromeDriverService.java:159)
at org.openqa.selenium.remote.service.DriverService$Builder.build(DriverService.java:437)
at org.openqa.selenium.chrome.ChromeDriverService.createDefaultService(ChromeDriverService.java:94)
at org.openqa.selenium.chrome.ChromeDriver.<init>(ChromeDriver.java:147)
at com.ch.utils.DriverFactory.getLocal(DriverFactory.java:147)
at com.ch.utils.DriverFactory.getDriverInstance(DriverFactory.java:70)
at com.ch.utils.DriverFactory.setWebDriver(DriverFactory.java:50)
at com.ch.test.AbstractTestSetup.setWebDriver(AbstractTestSetup.java:199)
... 20 more
]]>
    </error>
  </testcase> <!-- beforeInvocation -->
  <system-out/>
  <testcase classname="com.demo.desktoptests.GlobalTest" name="isTopNavigation" time="0.000">
    <skipped/>
  </testcase> <!-- isTopNavigation -->
  <system-out/>
  <testcase classname="com.demo.desktoptests.GlobalTest" name="isTopNavigation3" time="0.000">
    <skipped/>
  </testcase> <!-- isTopNavigation3 -->
  <system-out/>
  <testcase classname="com.demo.desktoptests.GlobalTest" name="beforeInvocation" time="0.025">
    <error message="com.ch.reports.FrameworkException: java.lang.IllegalStateException: The driver executable must exist: /home/user/WorkSpace/demo-framework-v2/./resources/drivers/windows/chromedriver.exe" type="com.ch.reports.FrameworkException">
      <![CDATA[com.ch.reports.FrameworkException: com.ch.reports.FrameworkException: java.lang.IllegalStateException: The driver executable must exist: /home/user/WorkSpace/demo-framework-v2/./resources/drivers/windows/chromedriver.exe
at com.ch.test.AbstractTestSetup.beforeInvocation(AbstractTestSetup.java:192)
at java.base/jdk.internal.reflect.NativeMethodAccessorImpl.invoke0(Native Method)
at java.base/jdk.internal.reflect.NativeMethodAccessorImpl.invoke(NativeMethodAccessorImpl.java:62)
at java.base/jdk.internal.reflect.DelegatingMethodAccessorImpl.invoke(DelegatingMethodAccessorImpl.java:43)
at java.base/java.lang.reflect.Method.invoke(Method.java:566)
at org.testng.internal.MethodInvocationHelper.invokeMethod(MethodInvocationHelper.java:133)
at org.testng.internal.MethodInvocationHelper.invokeMethodConsideringTimeout(MethodInvocationHelper.java:62)
at org.testng.internal.ConfigInvoker.invokeConfigurationMethod(ConfigInvoker.java:385)
at org.testng.internal.ConfigInvoker.invokeConfigurations(ConfigInvoker.java:321)
at org.testng.internal.TestInvoker.runConfigMethods(TestInvoker.java:700)
at org.testng.internal.TestInvoker.invokeMethod(TestInvoker.java:527)
at org.testng.internal.TestInvoker.invokeTestMethod(TestInvoker.java:173)
at org.testng.internal.MethodRunner.runInSequence(MethodRunner.java:46)
at org.testng.internal.TestInvoker$MethodInvocationAgent.invoke(TestInvoker.java:824)
at org.testng.internal.TestInvoker.invokeTestMethods(TestInvoker.java:146)
at org.testng.internal.TestMethodWorker.invokeTestMethods(TestMethodWorker.java:146)
at org.testng.internal.TestMethodWorker.run(TestMethodWorker.java:128)
at java.base/java.util.concurrent.ThreadPoolExecutor.runWorker(ThreadPoolExecutor.java:1128)
at java.base/java.util.concurrent.ThreadPoolExecutor$Worker.run(ThreadPoolExecutor.java:628)
at java.base/java.lang.Thread.run(Thread.java:829)
Caused by: com.ch.reports.FrameworkException: java.lang.IllegalStateException: The driver executable must exist: /home/user/WorkSpace/demo-framework-v2/./resources/drivers/windows/chromedriver.exe
at com.ch.test.AbstractTestSetup.setWebDriver(AbstractTestSetup.java:202)
at com.ch.test.AbstractTestSetup.beforeInvocation(AbstractTestSetup.java:189)
... 19 more
Caused by: java.lang.IllegalStateException: The driver executable must exist: /home/user/WorkSpace/demo-framework-v2/./resources/drivers/windows/chromedriver.exe
at org.openqa.selenium.internal.Require$FileStateChecker.isFile(Require.java:342)
at org.openqa.selenium.remote.service.DriverService.checkExecutable(DriverService.java:147)
at org.openqa.selenium.remote.service.DriverService.findExecutable(DriverService.java:142)
at org.openqa.selenium.chrome.ChromeDriverService.access$000(ChromeDriverService.java:35)
at org.openqa.selenium.chrome.ChromeDriverService$Builder.findDefaultExecutable(ChromeDriverService.java:159)
at org.openqa.selenium.remote.service.DriverService$Builder.build(DriverService.java:437)
at org.openqa.selenium.chrome.ChromeDriverService.createDefaultService(ChromeDriverService.java:94)
at org.openqa.selenium.chrome.ChromeDriver.<init>(ChromeDriver.java:147)
at com.ch.utils.DriverFactory.getLocal(DriverFactory.java:147)
at com.ch.utils.DriverFactory.getDriverInstance(DriverFactory.java:70)
at com.ch.utils.DriverFactory.setWebDriver(DriverFactory.java:50)
at com.ch.test.AbstractTestSetup.setWebDriver(AbstractTestSetup.java:199)
... 20 more
]]>
    </error>
  </testcase> <!-- beforeInvocation -->
  <system-out/>
  <testcase classname="com.demo.desktoptests.GlobalTest" name="isTopNavigationFailureWithRetry" time="0.000">
    <skipped/>
  </testcase> <!-- isTopNavigationFailureWithRetry -->
  <system-out/>
  <testcase classname="com.demo.desktoptests.GlobalTest" name="testProductDataProvider" time="0.000">
    <skipped/>
  </testcase> <!-- testProductDataProvider -->
  <system-out/>
</testsuite> <!-- com.demo.desktoptests.GlobalTest -->
